<?xml version="1.0" encoding="UTF-8"?>
<!-- Generated by org.testng.reporters.JUnitXMLReporter -->
<testsuite ignored="0" hostname="DESKTOP-P7FBO29" failures="1" tests="8" name="Test Case 1" time="0.099" errors="0" timestamp="2024-04-26T15:09:35 IST">
  <testcase classname="OrangeHRM_Project.Groupdependency" name="Test1" time="0.006"/>
  <testcase classname="OrangeHRM_Project.Groupdependency" name="Test2" time="0.011">
    <failure type="java.lang.AssertionError" message="expected [true] but found [false]">
      <![CDATA[java.lang.AssertionError: expected [true] but found [false]
at OrangeHRM_Project.Groupdependency.Test2(Groupdependency.java:20)
at java.base/java.util.ArrayList.forEach(ArrayList.java:1511)
... Removed 31 stack frames]]>
    </failure>
  </testcase> <!-- Test2 -->
  <testcase classname="OrangeHRM_Project.Groupdependency" name="Test7" time="0.002"/>
  <testcase classname="OrangeHRM_Project.Groupdependency" name="Test3" time="0.0">
    <skipped/>
  </testcase> <!-- Test3 -->
  <testcase classname="OrangeHRM_Project.Groupdependency" name="Test4" time="0.0">
    <skipped/>
  </testcase> <!-- Test4 -->
  <testcase classname="OrangeHRM_Project.Groupdependency" name="Test5" time="0.0">
    <skipped/>
  </testcase> <!-- Test5 -->
  <testcase classname="OrangeHRM_Project.Groupdependency" name="Test6" time="0.001">
    <skipped/>
  </testcase> <!-- Test6 -->
  <testcase classname="OrangeHRM_Project.Groupdependency" name="dependencyMethod1" time="0.0">
    <skipped/>
  </testcase> <!-- dependencyMethod1 -->
</testsuite> <!-- Test Case 1 -->
